<?xml version="1.0" encoding="UTF-8"?>
<coverage generated="1715956268622" clover="3.2.0">
  <project timestamp="1715956268622" name="All files">
    <metrics statements="110" coveredstatements="65" conditionals="19" coveredconditionals="17" methods="5" coveredmethods="3" elements="134" coveredelements="85" complexity="0" loc="110" ncloc="110" packages="2" files="3" classes="3"/>
    <package name="src">
      <metrics statements="45" coveredstatements="0" conditionals="2" coveredconditionals="0" methods="2" coveredmethods="0"/>
      <file name="App.tsx" path="/frontend/src/App.tsx">
        <metrics statements="35" coveredstatements="0" conditionals="1" coveredconditionals="0" methods="1" coveredmethods="0"/>
        <line num="1" count="0" type="cond" truecount="0" falsecount="1"/>
        <line num="2" count="0" type="stmt"/>
        <line num="3" count="0" type="stmt"/>
        <line num="4" count="0" type="stmt"/>
        <line num="5" count="0" type="stmt"/>
        <line num="6" count="0" type="stmt"/>
        <line num="7" count="0" type="stmt"/>
        <line num="8" count="0" type="stmt"/>
        <line num="9" count="0" type="stmt"/>
        <line num="10" count="0" type="stmt"/>
        <line num="11" count="0" type="stmt"/>
        <line num="12" count="0" type="stmt"/>
        <line num="13" count="0" type="stmt"/>
        <line num="14" count="0" type="stmt"/>
        <line num="15" count="0" type="stmt"/>
        <line num="16" count="0" type="stmt"/>
        <line num="17" count="0" type="stmt"/>
        <line num="18" count="0" type="stmt"/>
        <line num="19" count="0" type="stmt"/>
        <line num="20" count="0" type="stmt"/>
        <line num="21" count="0" type="stmt"/>
        <line num="22" count="0" type="stmt"/>
        <line num="23" count="0" type="stmt"/>
        <line num="24" count="0" type="stmt"/>
        <line num="25" count="0" type="stmt"/>
        <line num="26" count="0" type="stmt"/>
        <line num="27" count="0" type="stmt"/>
        <line num="28" count="0" type="stmt"/>
        <line num="29" count="0" type="stmt"/>
        <line num="30" count="0" type="stmt"/>
        <line num="31" count="0" type="stmt"/>
        <line num="32" count="0" type="stmt"/>
        <line num="33" count="0" type="stmt"/>
        <line num="34" count="0" type="stmt"/>
        <line num="35" count="0" type="stmt"/>
      </file>
      <file name="main.tsx" path="/frontend/src/main.tsx">
        <metrics statements="10" coveredstatements="0" conditionals="1" coveredconditionals="0" methods="1" coveredmethods="0"/>
        <line num="1" count="0" type="cond" truecount="0" falsecount="1"/>
        <line num="2" count="0" type="stmt"/>
        <line num="3" count="0" type="stmt"/>
        <line num="4" count="0" type="stmt"/>
        <line num="5" count="0" type="stmt"/>
        <line num="6" count="0" type="stmt"/>
        <line num="7" count="0" type="stmt"/>
        <line num="8" count="0" type="stmt"/>
        <line num="9" count="0" type="stmt"/>
        <line num="10" count="0" type="stmt"/>
      </file>
    </package>
    <package name="src.utils">
      <metrics statements="65" coveredstatements="65" conditionals="17" coveredconditionals="17" methods="3" coveredmethods="3"/>
      <file name="analyse.ts" path="/frontend/src/utils/analyse.ts">
        <metrics statements="65" coveredstatements="65" conditionals="17" coveredconditionals="17" methods="3" coveredmethods="3"/>
        <line num="1" count="1" type="stmt"/>
        <line num="2" count="1" type="stmt"/>
        <line num="3" count="1" type="stmt"/>
        <line num="4" count="1" type="stmt"/>
        <line num="5" count="1" type="stmt"/>
        <line num="6" count="1" type="stmt"/>
        <line num="7" count="1" type="stmt"/>
        <line num="8" count="1" type="stmt"/>
        <line num="9" count="1" type="stmt"/>
        <line num="10" count="1" type="stmt"/>
        <line num="11" count="1" type="stmt"/>
        <line num="12" count="1" type="stmt"/>
        <line num="13" count="1" type="stmt"/>
        <line num="14" count="1" type="stmt"/>
        <line num="15" count="1" type="stmt"/>
        <line num="16" count="1" type="stmt"/>
        <line num="17" count="1" type="stmt"/>
        <line num="18" count="1" type="cond" truecount="1" falsecount="0"/>
        <line num="19" count="90" type="cond" truecount="1" falsecount="0"/>
        <line num="20" count="90" type="stmt"/>
        <line num="21" count="1" type="stmt"/>
        <line num="22" count="1" type="cond" truecount="1" falsecount="0"/>
        <line num="23" count="540" type="stmt"/>
        <line num="24" count="540" type="cond" truecount="1" falsecount="0"/>
        <line num="25" count="540" type="cond" truecount="1" falsecount="0"/>
        <line num="26" count="540" type="stmt"/>
        <line num="27" count="540" type="cond" truecount="1" falsecount="0"/>
        <line num="28" count="540" type="cond" truecount="1" falsecount="0"/>
        <line num="29" count="540" type="stmt"/>
        <line num="30" count="540" type="cond" truecount="1" falsecount="0"/>
        <line num="31" count="540" type="cond" truecount="1" falsecount="0"/>
        <line num="32" count="540" type="stmt"/>
        <line num="33" count="540" type="stmt"/>
        <line num="34" count="540" type="cond" truecount="1" falsecount="0"/>
        <line num="35" count="90" type="stmt"/>
        <line num="36" count="90" type="cond" truecount="1" falsecount="0"/>
        <line num="37" count="450" type="cond" truecount="1" falsecount="0"/>
        <line num="38" count="312" type="stmt"/>
        <line num="39" count="312" type="stmt"/>
        <line num="40" count="540" type="stmt"/>
        <line num="41" count="540" type="stmt"/>
        <line num="42" count="540" type="stmt"/>
        <line num="43" count="540" type="stmt"/>
        <line num="44" count="540" type="stmt"/>
        <line num="45" count="540" type="stmt"/>
        <line num="46" count="540" type="stmt"/>
        <line num="47" count="1" type="stmt"/>
        <line num="48" count="1" type="cond" truecount="1" falsecount="0"/>
        <line num="49" count="6" type="stmt"/>
        <line num="50" count="6" type="stmt"/>
        <line num="51" count="6" type="stmt"/>
        <line num="52" count="6" type="cond" truecount="1" falsecount="0"/>
        <line num="53" count="6" type="stmt"/>
        <line num="54" count="6" type="stmt"/>
        <line num="55" count="6" type="cond" truecount="1" falsecount="0"/>
        <line num="56" count="90" type="stmt"/>
        <line num="57" count="90" type="stmt"/>
        <line num="58" count="90" type="cond" truecount="1" falsecount="0"/>
        <line num="59" count="540" type="cond" truecount="1" falsecount="0"/>
        <line num="60" count="540" type="stmt"/>
        <line num="61" count="90" type="stmt"/>
        <line num="62" count="6" type="stmt"/>
        <line num="63" count="6" type="stmt"/>
        <line num="64" count="6" type="stmt"/>
        <line num="65" count="6" type="stmt"/>
      </file>
    </package>
  </project>
</coverage>
