{"/home/student/S04-AutoBudget-JeremyDfr/projet/frontend/src/App.tsx": {"path":"/home/student/S04-AutoBudget-JeremyDfr/projet/frontend/src/App.tsx","all":true,"statementMap":{"0":{"start":{"line":1,"column":0},"end":{"line":1,"column":32}},"1":{"start":{"line":2,"column":0},"end":{"line":2,"column":42}},"2":{"start":{"line":3,"column":0},"end":{"line":3,"column":32}},"3":{"start":{"line":4,"column":0},"end":{"line":4,"column":18}},"4":{"start":{"line":5,"column":0},"end":{"line":5,"column":0}},"5":{"start":{"line":6,"column":0},"end":{"line":6,"column":16}},"6":{"start":{"line":7,"column":0},"end":{"line":7,"column":39}},"7":{"start":{"line":8,"column":0},"end":{"line":8,"column":0}},"8":{"start":{"line":9,"column":0},"end":{"line":9,"column":10}},"9":{"start":{"line":10,"column":0},"end":{"line":10,"column":6}},"10":{"start":{"line":11,"column":0},"end":{"line":11,"column":11}},"11":{"start":{"line":12,"column":0},"end":{"line":12,"column":53}},"12":{"start":{"line":13,"column":0},"end":{"line":13,"column":65}},"13":{"start":{"line":14,"column":0},"end":{"line":14,"column":12}},"14":{"start":{"line":15,"column":0},"end":{"line":15,"column":52}},"15":{"start":{"line":16,"column":0},"end":{"line":16,"column":73}},"16":{"start":{"line":17,"column":0},"end":{"line":17,"column":12}},"17":{"start":{"line":18,"column":0},"end":{"line":18,"column":12}},"18":{"start":{"line":19,"column":0},"end":{"line":19,"column":27}},"19":{"start":{"line":20,"column":0},"end":{"line":20,"column":28}},"20":{"start":{"line":21,"column":0},"end":{"line":21,"column":63}},"21":{"start":{"line":22,"column":0},"end":{"line":22,"column":26}},"22":{"start":{"line":23,"column":0},"end":{"line":23,"column":17}},"23":{"start":{"line":24,"column":0},"end":{"line":24,"column":11}},"24":{"start":{"line":25,"column":0},"end":{"line":25,"column":60}},"25":{"start":{"line":26,"column":0},"end":{"line":26,"column":12}},"26":{"start":{"line":27,"column":0},"end":{"line":27,"column":12}},"27":{"start":{"line":28,"column":0},"end":{"line":28,"column":35}},"28":{"start":{"line":29,"column":0},"end":{"line":29,"column":55}},"29":{"start":{"line":30,"column":0},"end":{"line":30,"column":10}},"30":{"start":{"line":31,"column":0},"end":{"line":31,"column":7}},"31":{"start":{"line":32,"column":0},"end":{"line":32,"column":3}},"32":{"start":{"line":33,"column":0},"end":{"line":33,"column":1}},"33":{"start":{"line":34,"column":0},"end":{"line":34,"column":0}},"34":{"start":{"line":35,"column":0},"end":{"line":35,"column":18}}},"s":{"0":0,"1":0,"2":0,"3":0,"4":0,"5":0,"6":0,"7":0,"8":0,"9":0,"10":0,"11":0,"12":0,"13":0,"14":0,"15":0,"16":0,"17":0,"18":0,"19":0,"20":0,"21":0,"22":0,"23":0,"24":0,"25":0,"26":0,"27":0,"28":0,"29":0,"30":0,"31":0,"32":0,"33":0,"34":0},"branchMap":{"0":{"type":"branch","line":1,"loc":{"start":{"line":1,"column":0},"end":{"line":35,"column":-604}},"locations":[{"start":{"line":1,"column":0},"end":{"line":35,"column":-604}}]}},"b":{"0":[0]},"fnMap":{"0":{"name":"(empty-report)","decl":{"start":{"line":1,"column":0},"end":{"line":35,"column":-604}},"loc":{"start":{"line":1,"column":0},"end":{"line":35,"column":-604}},"line":1}},"f":{"0":0}}
,"/home/student/S04-AutoBudget-JeremyDfr/projet/frontend/src/main.tsx": {"path":"/home/student/S04-AutoBudget-JeremyDfr/projet/frontend/src/main.tsx","all":true,"statementMap":{"0":{"start":{"line":1,"column":0},"end":{"line":1,"column":25}},"1":{"start":{"line":2,"column":0},"end":{"line":2,"column":39}},"2":{"start":{"line":3,"column":0},"end":{"line":3,"column":27}},"3":{"start":{"line":4,"column":0},"end":{"line":4,"column":20}},"4":{"start":{"line":5,"column":0},"end":{"line":5,"column":0}},"5":{"start":{"line":6,"column":0},"end":{"line":6,"column":61}},"6":{"start":{"line":7,"column":0},"end":{"line":7,"column":20}},"7":{"start":{"line":8,"column":0},"end":{"line":8,"column":11}},"8":{"start":{"line":9,"column":0},"end":{"line":9,"column":22}},"9":{"start":{"line":10,"column":0},"end":{"line":10,"column":1}}},"s":{"0":0,"1":0,"2":0,"3":0,"4":0,"5":0,"6":0,"7":0,"8":0,"9":0},"branchMap":{"0":{"type":"branch","line":1,"loc":{"start":{"line":1,"column":235},"end":{"line":10,"column":1}},"locations":[{"start":{"line":1,"column":235},"end":{"line":10,"column":1}}]}},"b":{"0":[0]},"fnMap":{"0":{"name":"(empty-report)","decl":{"start":{"line":1,"column":235},"end":{"line":10,"column":1}},"loc":{"start":{"line":1,"column":235},"end":{"line":10,"column":1}},"line":1}},"f":{"0":0}}
,"/home/student/S04-AutoBudget-JeremyDfr/projet/frontend/src/utils/analyse.ts": {"path":"/home/student/S04-AutoBudget-JeremyDfr/projet/frontend/src/utils/analyse.ts","all":false,"statementMap":{"0":{"start":{"line":1,"column":0},"end":{"line":1,"column":46}},"1":{"start":{"line":2,"column":0},"end":{"line":2,"column":0}},"2":{"start":{"line":3,"column":0},"end":{"line":3,"column":98}},"3":{"start":{"line":4,"column":0},"end":{"line":4,"column":0}},"4":{"start":{"line":5,"column":0},"end":{"line":5,"column":26}},"5":{"start":{"line":6,"column":0},"end":{"line":6,"column":17}},"6":{"start":{"line":7,"column":0},"end":{"line":7,"column":18}},"7":{"start":{"line":8,"column":0},"end":{"line":8,"column":19}},"8":{"start":{"line":9,"column":0},"end":{"line":9,"column":2}},"9":{"start":{"line":10,"column":0},"end":{"line":10,"column":23}},"10":{"start":{"line":11,"column":0},"end":{"line":11,"column":39}},"11":{"start":{"line":12,"column":0},"end":{"line":12,"column":1}},"12":{"start":{"line":13,"column":0},"end":{"line":13,"column":16}},"13":{"start":{"line":14,"column":0},"end":{"line":14,"column":32}},"14":{"start":{"line":15,"column":0},"end":{"line":15,"column":1}},"15":{"start":{"line":16,"column":0},"end":{"line":16,"column":0}},"16":{"start":{"line":17,"column":0},"end":{"line":17,"column":0}},"17":{"start":{"line":18,"column":0},"end":{"line":18,"column":93}},"18":{"start":{"line":19,"column":0},"end":{"line":19,"column":87}},"19":{"start":{"line":20,"column":0},"end":{"line":20,"column":1}},"20":{"start":{"line":21,"column":0},"end":{"line":21,"column":0}},"21":{"start":{"line":22,"column":0},"end":{"line":22,"column":99}},"22":{"start":{"line":23,"column":0},"end":{"line":23,"column":27}},"23":{"start":{"line":24,"column":0},"end":{"line":24,"column":42}},"24":{"start":{"line":25,"column":0},"end":{"line":25,"column":75}},"25":{"start":{"line":26,"column":0},"end":{"line":26,"column":28}},"26":{"start":{"line":27,"column":0},"end":{"line":27,"column":42}},"27":{"start":{"line":28,"column":0},"end":{"line":28,"column":75}},"28":{"start":{"line":29,"column":0},"end":{"line":29,"column":2}},"29":{"start":{"line":30,"column":0},"end":{"line":30,"column":101}},"30":{"start":{"line":31,"column":0},"end":{"line":31,"column":105}},"31":{"start":{"line":32,"column":0},"end":{"line":32,"column":18}},"32":{"start":{"line":33,"column":0},"end":{"line":33,"column":0}},"33":{"start":{"line":34,"column":0},"end":{"line":34,"column":21}},"34":{"start":{"line":35,"column":0},"end":{"line":35,"column":51}},"35":{"start":{"line":36,"column":0},"end":{"line":36,"column":3}},"36":{"start":{"line":37,"column":0},"end":{"line":37,"column":26}},"37":{"start":{"line":38,"column":0},"end":{"line":38,"column":52}},"38":{"start":{"line":39,"column":0},"end":{"line":39,"column":3}},"39":{"start":{"line":40,"column":0},"end":{"line":40,"column":0}},"40":{"start":{"line":41,"column":0},"end":{"line":41,"column":10}},"41":{"start":{"line":42,"column":0},"end":{"line":42,"column":19}},"42":{"start":{"line":43,"column":0},"end":{"line":43,"column":21}},"43":{"start":{"line":44,"column":0},"end":{"line":44,"column":38}},"44":{"start":{"line":45,"column":0},"end":{"line":45,"column":4}},"45":{"start":{"line":46,"column":0},"end":{"line":46,"column":2}},"46":{"start":{"line":47,"column":0},"end":{"line":47,"column":0}},"47":{"start":{"line":48,"column":0},"end":{"line":48,"column":68}},"48":{"start":{"line":49,"column":0},"end":{"line":49,"column":56}},"49":{"start":{"line":50,"column":0},"end":{"line":50,"column":0}},"50":{"start":{"line":51,"column":0},"end":{"line":51,"column":29}},"51":{"start":{"line":52,"column":0},"end":{"line":52,"column":68}},"52":{"start":{"line":53,"column":0},"end":{"line":53,"column":5}},"53":{"start":{"line":54,"column":0},"end":{"line":54,"column":0}},"54":{"start":{"line":55,"column":0},"end":{"line":55,"column":37}},"55":{"start":{"line":56,"column":0},"end":{"line":56,"column":67}},"56":{"start":{"line":57,"column":0},"end":{"line":57,"column":0}},"57":{"start":{"line":58,"column":0},"end":{"line":58,"column":46}},"58":{"start":{"line":59,"column":0},"end":{"line":59,"column":42}},"59":{"start":{"line":60,"column":0},"end":{"line":60,"column":81}},"60":{"start":{"line":61,"column":0},"end":{"line":61,"column":7}},"61":{"start":{"line":62,"column":0},"end":{"line":62,"column":5}},"62":{"start":{"line":63,"column":0},"end":{"line":63,"column":0}},"63":{"start":{"line":64,"column":0},"end":{"line":64,"column":16}},"64":{"start":{"line":65,"column":0},"end":{"line":65,"column":1}}},"s":{"0":1,"1":1,"2":1,"3":1,"4":1,"5":1,"6":1,"7":1,"8":1,"9":1,"10":1,"11":1,"12":1,"13":1,"14":1,"15":1,"16":1,"17":1,"18":90,"19":90,"20":1,"21":1,"22":540,"23":540,"24":540,"25":540,"26":540,"27":540,"28":540,"29":540,"30":540,"31":540,"32":540,"33":540,"34":90,"35":90,"36":450,"37":312,"38":312,"39":540,"40":540,"41":540,"42":540,"43":540,"44":540,"45":540,"46":1,"47":1,"48":6,"49":6,"50":6,"51":6,"52":6,"53":6,"54":6,"55":90,"56":90,"57":90,"58":540,"59":540,"60":90,"61":6,"62":6,"63":6,"64":6},"branchMap":{"0":{"type":"branch","line":18,"loc":{"start":{"line":18,"column":28},"end":{"line":20,"column":1}},"locations":[{"start":{"line":18,"column":28},"end":{"line":20,"column":1}}]},"1":{"type":"branch","line":19,"loc":{"start":{"line":19,"column":26},"end":{"line":19,"column":85}},"locations":[{"start":{"line":19,"column":26},"end":{"line":19,"column":85}}]},"2":{"type":"branch","line":22,"loc":{"start":{"line":22,"column":29},"end":{"line":46,"column":2}},"locations":[{"start":{"line":22,"column":29},"end":{"line":46,"column":2}}]},"3":{"type":"branch","line":34,"loc":{"start":{"line":34,"column":20},"end":{"line":36,"column":3}},"locations":[{"start":{"line":34,"column":20},"end":{"line":36,"column":3}}]},"4":{"type":"branch","line":36,"loc":{"start":{"line":36,"column":2},"end":{"line":39,"column":3}},"locations":[{"start":{"line":36,"column":2},"end":{"line":39,"column":3}}]},"5":{"type":"branch","line":37,"loc":{"start":{"line":37,"column":25},"end":{"line":39,"column":3}},"locations":[{"start":{"line":37,"column":25},"end":{"line":39,"column":3}}]},"6":{"type":"branch","line":24,"loc":{"start":{"line":24,"column":12},"end":{"line":24,"column":41}},"locations":[{"start":{"line":24,"column":12},"end":{"line":24,"column":41}}]},"7":{"type":"branch","line":25,"loc":{"start":{"line":25,"column":12},"end":{"line":25,"column":72}},"locations":[{"start":{"line":25,"column":12},"end":{"line":25,"column":72}}]},"8":{"type":"branch","line":27,"loc":{"start":{"line":27,"column":12},"end":{"line":27,"column":41}},"locations":[{"start":{"line":27,"column":12},"end":{"line":27,"column":41}}]},"9":{"type":"branch","line":28,"loc":{"start":{"line":28,"column":12},"end":{"line":28,"column":72}},"locations":[{"start":{"line":28,"column":12},"end":{"line":28,"column":72}}]},"10":{"type":"branch","line":30,"loc":{"start":{"line":30,"column":45},"end":{"line":30,"column":99}},"locations":[{"start":{"line":30,"column":45},"end":{"line":30,"column":99}}]},"11":{"type":"branch","line":31,"loc":{"start":{"line":31,"column":42},"end":{"line":31,"column":102}},"locations":[{"start":{"line":31,"column":42},"end":{"line":31,"column":102}}]},"12":{"type":"branch","line":48,"loc":{"start":{"line":48,"column":26},"end":{"line":65,"column":1}},"locations":[{"start":{"line":48,"column":26},"end":{"line":65,"column":1}}]},"13":{"type":"branch","line":52,"loc":{"start":{"line":52,"column":18},"end":{"line":52,"column":67}},"locations":[{"start":{"line":52,"column":18},"end":{"line":52,"column":67}}]},"14":{"type":"branch","line":55,"loc":{"start":{"line":55,"column":17},"end":{"line":62,"column":3}},"locations":[{"start":{"line":55,"column":17},"end":{"line":62,"column":3}}]},"15":{"type":"branch","line":58,"loc":{"start":{"line":58,"column":23},"end":{"line":61,"column":5}},"locations":[{"start":{"line":58,"column":23},"end":{"line":61,"column":5}}]},"16":{"type":"branch","line":59,"loc":{"start":{"line":59,"column":34},"end":{"line":59,"column":42}},"locations":[{"start":{"line":59,"column":34},"end":{"line":59,"column":42}}]}},"b":{"0":[90],"1":[8910],"2":[540],"3":[90],"4":[450],"5":[312],"6":[3564],"7":[540],"8":[3564],"9":[3024],"10":[3564],"11":[594],"12":[6],"13":[594],"14":[90],"15":[540],"16":[90]},"fnMap":{"0":{"name":"getMovementsByMonth","decl":{"start":{"line":18,"column":28},"end":{"line":20,"column":1}},"loc":{"start":{"line":18,"column":28},"end":{"line":20,"column":1}},"line":18},"1":{"name":"getAnalyseByCategory","decl":{"start":{"line":22,"column":29},"end":{"line":46,"column":2}},"loc":{"start":{"line":22,"column":29},"end":{"line":46,"column":2}},"line":22},"2":{"name":"getAnalyse","decl":{"start":{"line":48,"column":26},"end":{"line":65,"column":1}},"loc":{"start":{"line":48,"column":26},"end":{"line":65,"column":1}},"line":48}},"f":{"0":90,"1":540,"2":6}}
,"/home/student/S04-AutoBudget-JeremyDfr/projet/frontend/src/utils/api.ts": {"path":"/home/student/S04-AutoBudget-JeremyDfr/projet/frontend/src/utils/api.ts","all":false,"statementMap":{"0":{"start":{"line":1,"column":0},"end":{"line":1,"column":46}},"1":{"start":{"line":2,"column":0},"end":{"line":2,"column":0}},"2":{"start":{"line":3,"column":0},"end":{"line":3,"column":41}},"3":{"start":{"line":4,"column":0},"end":{"line":4,"column":9}},"4":{"start":{"line":5,"column":0},"end":{"line":5,"column":73}},"5":{"start":{"line":6,"column":0},"end":{"line":6,"column":0}},"6":{"start":{"line":7,"column":0},"end":{"line":7,"column":27}},"7":{"start":{"line":8,"column":0},"end":{"line":8,"column":41}},"8":{"start":{"line":9,"column":0},"end":{"line":9,"column":9}},"9":{"start":{"line":10,"column":0},"end":{"line":10,"column":0}},"10":{"start":{"line":11,"column":0},"end":{"line":11,"column":37}},"11":{"start":{"line":12,"column":0},"end":{"line":12,"column":21}},"12":{"start":{"line":13,"column":0},"end":{"line":13,"column":37}},"13":{"start":{"line":14,"column":0},"end":{"line":14,"column":5}},"14":{"start":{"line":15,"column":0},"end":{"line":15,"column":1}},"15":{"start":{"line":16,"column":0},"end":{"line":16,"column":0}},"16":{"start":{"line":17,"column":0},"end":{"line":17,"column":67}},"17":{"start":{"line":18,"column":0},"end":{"line":18,"column":9}},"18":{"start":{"line":19,"column":0},"end":{"line":19,"column":74}},"19":{"start":{"line":20,"column":0},"end":{"line":20,"column":27}},"20":{"start":{"line":21,"column":0},"end":{"line":21,"column":42}},"21":{"start":{"line":22,"column":0},"end":{"line":22,"column":11}},"22":{"start":{"line":23,"column":0},"end":{"line":23,"column":0}},"23":{"start":{"line":24,"column":0},"end":{"line":24,"column":27}},"24":{"start":{"line":25,"column":0},"end":{"line":25,"column":41}},"25":{"start":{"line":26,"column":0},"end":{"line":26,"column":9}},"26":{"start":{"line":27,"column":0},"end":{"line":27,"column":0}},"27":{"start":{"line":28,"column":0},"end":{"line":28,"column":37}},"28":{"start":{"line":29,"column":0},"end":{"line":29,"column":21}},"29":{"start":{"line":30,"column":0},"end":{"line":30,"column":37}},"30":{"start":{"line":31,"column":0},"end":{"line":31,"column":5}},"31":{"start":{"line":32,"column":0},"end":{"line":32,"column":1}}},"s":{"0":1,"1":1,"2":1,"3":3,"4":3,"5":2,"6":3,"7":1,"8":1,"9":1,"10":1,"11":3,"12":2,"13":2,"14":3,"15":1,"16":1,"17":3,"18":3,"19":3,"20":3,"21":3,"22":2,"23":3,"24":1,"25":1,"26":1,"27":1,"28":3,"29":2,"30":2,"31":3},"branchMap":{"0":{"type":"branch","line":3,"loc":{"start":{"line":3,"column":28},"end":{"line":15,"column":1}},"locations":[{"start":{"line":3,"column":28},"end":{"line":15,"column":1}}]},"1":{"type":"branch","line":5,"loc":{"start":{"line":5,"column":71},"end":{"line":7,"column":26}},"locations":[{"start":{"line":5,"column":71},"end":{"line":7,"column":26}}]},"2":{"type":"branch","line":7,"loc":{"start":{"line":7,"column":26},"end":{"line":12,"column":13}},"locations":[{"start":{"line":7,"column":26},"end":{"line":12,"column":13}}]},"3":{"type":"branch","line":12,"loc":{"start":{"line":12,"column":4},"end":{"line":14,"column":5}},"locations":[{"start":{"line":12,"column":4},"end":{"line":14,"column":5}}]},"4":{"type":"branch","line":17,"loc":{"start":{"line":17,"column":27},"end":{"line":32,"column":1}},"locations":[{"start":{"line":17,"column":27},"end":{"line":32,"column":1}}]},"5":{"type":"branch","line":22,"loc":{"start":{"line":22,"column":9},"end":{"line":24,"column":26}},"locations":[{"start":{"line":22,"column":9},"end":{"line":24,"column":26}}]},"6":{"type":"branch","line":24,"loc":{"start":{"line":24,"column":26},"end":{"line":29,"column":13}},"locations":[{"start":{"line":24,"column":26},"end":{"line":29,"column":13}}]},"7":{"type":"branch","line":29,"loc":{"start":{"line":29,"column":4},"end":{"line":31,"column":5}},"locations":[{"start":{"line":29,"column":4},"end":{"line":31,"column":5}}]}},"b":{"0":[3],"1":[2],"2":[1],"3":[2],"4":[3],"5":[2],"6":[1],"7":[2]},"fnMap":{"0":{"name":"getMovements","decl":{"start":{"line":3,"column":28},"end":{"line":15,"column":1}},"loc":{"start":{"line":3,"column":28},"end":{"line":15,"column":1}},"line":3},"1":{"name":"addMovement","decl":{"start":{"line":17,"column":27},"end":{"line":32,"column":1}},"loc":{"start":{"line":17,"column":27},"end":{"line":32,"column":1}},"line":17}},"f":{"0":3,"1":3}}
,"/home/student/S04-AutoBudget-JeremyDfr/projet/frontend/src/utils/categorize.ts": {"path":"/home/student/S04-AutoBudget-JeremyDfr/projet/frontend/src/utils/categorize.ts","all":false,"statementMap":{"0":{"start":{"line":1,"column":0},"end":{"line":1,"column":25}},"1":{"start":{"line":2,"column":0},"end":{"line":2,"column":26}},"2":{"start":{"line":3,"column":0},"end":{"line":3,"column":72}},"3":{"start":{"line":4,"column":0},"end":{"line":4,"column":0}},"4":{"start":{"line":5,"column":0},"end":{"line":5,"column":25}},"5":{"start":{"line":6,"column":0},"end":{"line":6,"column":0}},"6":{"start":{"line":7,"column":0},"end":{"line":7,"column":160}},"7":{"start":{"line":8,"column":0},"end":{"line":8,"column":0}},"8":{"start":{"line":9,"column":0},"end":{"line":9,"column":0}},"9":{"start":{"line":10,"column":0},"end":{"line":10,"column":54}},"10":{"start":{"line":11,"column":0},"end":{"line":11,"column":44}},"11":{"start":{"line":12,"column":0},"end":{"line":12,"column":30}},"12":{"start":{"line":13,"column":0},"end":{"line":13,"column":65}},"13":{"start":{"line":14,"column":0},"end":{"line":14,"column":15}},"14":{"start":{"line":15,"column":0},"end":{"line":15,"column":1}},"15":{"start":{"line":16,"column":0},"end":{"line":16,"column":0}},"16":{"start":{"line":17,"column":0},"end":{"line":17,"column":75}},"17":{"start":{"line":18,"column":0},"end":{"line":18,"column":29}},"18":{"start":{"line":19,"column":0},"end":{"line":19,"column":41}},"19":{"start":{"line":20,"column":0},"end":{"line":20,"column":0}},"20":{"start":{"line":21,"column":0},"end":{"line":21,"column":20}},"21":{"start":{"line":22,"column":0},"end":{"line":22,"column":29}},"22":{"start":{"line":23,"column":0},"end":{"line":23,"column":62}},"23":{"start":{"line":24,"column":0},"end":{"line":24,"column":19}},"24":{"start":{"line":25,"column":0},"end":{"line":25,"column":12}},"25":{"start":{"line":26,"column":0},"end":{"line":26,"column":5}},"26":{"start":{"line":27,"column":0},"end":{"line":27,"column":3}},"27":{"start":{"line":28,"column":0},"end":{"line":28,"column":17}},"28":{"start":{"line":29,"column":0},"end":{"line":29,"column":1}},"29":{"start":{"line":30,"column":0},"end":{"line":30,"column":0}},"30":{"start":{"line":31,"column":0},"end":{"line":31,"column":0}},"31":{"start":{"line":32,"column":0},"end":{"line":32,"column":74}},"32":{"start":{"line":33,"column":0},"end":{"line":33,"column":183}},"33":{"start":{"line":34,"column":0},"end":{"line":34,"column":0}},"34":{"start":{"line":35,"column":0},"end":{"line":35,"column":23}},"35":{"start":{"line":36,"column":0},"end":{"line":36,"column":0}},"36":{"start":{"line":37,"column":0},"end":{"line":37,"column":71}},"37":{"start":{"line":38,"column":0},"end":{"line":38,"column":29}},"38":{"start":{"line":39,"column":0},"end":{"line":39,"column":0}},"39":{"start":{"line":40,"column":0},"end":{"line":40,"column":46}},"40":{"start":{"line":41,"column":0},"end":{"line":41,"column":1}},"41":{"start":{"line":42,"column":0},"end":{"line":42,"column":0}},"42":{"start":{"line":43,"column":0},"end":{"line":43,"column":55}},"43":{"start":{"line":44,"column":0},"end":{"line":44,"column":88}},"44":{"start":{"line":45,"column":0},"end":{"line":45,"column":30}},"45":{"start":{"line":46,"column":0},"end":{"line":46,"column":1}},"46":{"start":{"line":47,"column":0},"end":{"line":47,"column":0}},"47":{"start":{"line":48,"column":0},"end":{"line":48,"column":78}},"48":{"start":{"line":49,"column":0},"end":{"line":49,"column":153}},"49":{"start":{"line":50,"column":0},"end":{"line":50,"column":34}},"50":{"start":{"line":51,"column":0},"end":{"line":51,"column":50}},"51":{"start":{"line":52,"column":0},"end":{"line":52,"column":1}},"52":{"start":{"line":53,"column":0},"end":{"line":53,"column":0}},"53":{"start":{"line":54,"column":0},"end":{"line":54,"column":0}},"54":{"start":{"line":55,"column":0},"end":{"line":55,"column":74}},"55":{"start":{"line":56,"column":0},"end":{"line":56,"column":53}},"56":{"start":{"line":57,"column":0},"end":{"line":57,"column":44}},"57":{"start":{"line":58,"column":0},"end":{"line":58,"column":61}},"58":{"start":{"line":59,"column":0},"end":{"line":59,"column":29}},"59":{"start":{"line":60,"column":0},"end":{"line":60,"column":1}}},"s":{"0":1,"1":1,"2":1,"3":1,"4":1,"5":1,"6":1,"7":1,"8":1,"9":1,"10":11,"11":11,"12":11,"13":11,"14":11,"15":1,"16":1,"17":9,"18":9,"19":9,"20":9,"21":9,"22":13,"23":8,"24":8,"25":8,"26":13,"27":9,"28":9,"29":1,"30":1,"31":1,"32":7,"33":7,"34":7,"35":7,"36":7,"37":7,"38":2,"39":2,"40":2,"41":1,"42":1,"43":3,"44":3,"45":3,"46":1,"47":1,"48":2,"49":2,"50":1,"51":1,"52":1,"53":1,"54":1,"55":0,"56":0,"57":0,"58":0,"59":0},"branchMap":{"0":{"type":"branch","line":10,"loc":{"start":{"line":10,"column":26},"end":{"line":15,"column":1}},"locations":[{"start":{"line":10,"column":26},"end":{"line":15,"column":1}}]},"1":{"type":"branch","line":17,"loc":{"start":{"line":17,"column":29},"end":{"line":29,"column":1}},"locations":[{"start":{"line":17,"column":29},"end":{"line":29,"column":1}}]},"2":{"type":"branch","line":18,"loc":{"start":{"line":18,"column":16},"end":{"line":18,"column":29}},"locations":[{"start":{"line":18,"column":16},"end":{"line":18,"column":29}}]},"3":{"type":"branch","line":22,"loc":{"start":{"line":22,"column":28},"end":{"line":27,"column":3}},"locations":[{"start":{"line":22,"column":28},"end":{"line":27,"column":3}}]},"4":{"type":"branch","line":23,"loc":{"start":{"line":23,"column":27},"end":{"line":23,"column":61}},"locations":[{"start":{"line":23,"column":27},"end":{"line":23,"column":61}}]},"5":{"type":"branch","line":23,"loc":{"start":{"line":23,"column":61},"end":{"line":26,"column":5}},"locations":[{"start":{"line":23,"column":61},"end":{"line":26,"column":5}}]},"6":{"type":"branch","line":32,"loc":{"start":{"line":32,"column":26},"end":{"line":41,"column":1}},"locations":[{"start":{"line":32,"column":26},"end":{"line":41,"column":1}}]},"7":{"type":"branch","line":37,"loc":{"start":{"line":37,"column":17},"end":{"line":37,"column":58}},"locations":[{"start":{"line":37,"column":17},"end":{"line":37,"column":58}}]},"8":{"type":"branch","line":37,"loc":{"start":{"line":37,"column":58},"end":{"line":37,"column":71}},"locations":[{"start":{"line":37,"column":58},"end":{"line":37,"column":71}}]},"9":{"type":"branch","line":37,"loc":{"start":{"line":37,"column":65},"end":{"line":38,"column":23}},"locations":[{"start":{"line":37,"column":65},"end":{"line":38,"column":23}}]},"10":{"type":"branch","line":38,"loc":{"start":{"line":38,"column":16},"end":{"line":38,"column":29}},"locations":[{"start":{"line":38,"column":16},"end":{"line":38,"column":29}}]},"11":{"type":"branch","line":38,"loc":{"start":{"line":38,"column":23},"end":{"line":41,"column":1}},"locations":[{"start":{"line":38,"column":23},"end":{"line":41,"column":1}}]},"12":{"type":"branch","line":43,"loc":{"start":{"line":43,"column":25},"end":{"line":46,"column":1}},"locations":[{"start":{"line":43,"column":25},"end":{"line":46,"column":1}}]},"13":{"type":"branch","line":48,"loc":{"start":{"line":48,"column":30},"end":{"line":52,"column":1}},"locations":[{"start":{"line":48,"column":30},"end":{"line":52,"column":1}}]},"14":{"type":"branch","line":50,"loc":{"start":{"line":50,"column":21},"end":{"line":52,"column":1}},"locations":[{"start":{"line":50,"column":21},"end":{"line":52,"column":1}}]}},"b":{"0":[11],"1":[9],"2":[0],"3":[13],"4":[9],"5":[8],"6":[7],"7":[3],"8":[5],"9":[2],"10":[0],"11":[2],"12":[3],"13":[2],"14":[1]},"fnMap":{"0":{"name":"cleanLabel","decl":{"start":{"line":10,"column":26},"end":{"line":15,"column":1}},"loc":{"start":{"line":10,"column":26},"end":{"line":15,"column":1}},"line":10},"1":{"name":"isWordInLabel","decl":{"start":{"line":17,"column":29},"end":{"line":29,"column":1}},"loc":{"start":{"line":17,"column":29},"end":{"line":29,"column":1}},"line":17},"2":{"name":"isLogement","decl":{"start":{"line":32,"column":26},"end":{"line":41,"column":1}},"loc":{"start":{"line":32,"column":26},"end":{"line":41,"column":1}},"line":32},"3":{"name":"isRevenus","decl":{"start":{"line":43,"column":25},"end":{"line":46,"column":1}},"loc":{"start":{"line":43,"column":25},"end":{"line":46,"column":1}},"line":43},"4":{"name":"isAlimentation","decl":{"start":{"line":48,"column":30},"end":{"line":52,"column":1}},"loc":{"start":{"line":48,"column":30},"end":{"line":52,"column":1}},"line":48},"5":{"name":"getCategory","decl":{"start":{"line":55,"column":27},"end":{"line":60,"column":1}},"loc":{"start":{"line":55,"column":27},"end":{"line":60,"column":1}},"line":55}},"f":{"0":11,"1":9,"2":7,"3":3,"4":2,"5":0}}
,"/home/student/S04-AutoBudget-JeremyDfr/projet/frontend/src/utils/fiscal.ts": {"path":"/home/student/S04-AutoBudget-JeremyDfr/projet/frontend/src/utils/fiscal.ts","all":false,"statementMap":{"0":{"start":{"line":1,"column":0},"end":{"line":1,"column":46}},"1":{"start":{"line":2,"column":0},"end":{"line":2,"column":0}},"2":{"start":{"line":3,"column":0},"end":{"line":3,"column":30}},"3":{"start":{"line":4,"column":0},"end":{"line":4,"column":0}},"4":{"start":{"line":5,"column":0},"end":{"line":5,"column":81}},"5":{"start":{"line":6,"column":0},"end":{"line":6,"column":87}},"6":{"start":{"line":7,"column":0},"end":{"line":7,"column":1}},"7":{"start":{"line":8,"column":0},"end":{"line":8,"column":0}},"8":{"start":{"line":9,"column":0},"end":{"line":9,"column":89}},"9":{"start":{"line":10,"column":0},"end":{"line":10,"column":37}},"10":{"start":{"line":11,"column":0},"end":{"line":11,"column":87}},"11":{"start":{"line":12,"column":0},"end":{"line":12,"column":1}},"12":{"start":{"line":13,"column":0},"end":{"line":13,"column":0}},"13":{"start":{"line":14,"column":0},"end":{"line":14,"column":86}},"14":{"start":{"line":15,"column":0},"end":{"line":15,"column":37}},"15":{"start":{"line":16,"column":0},"end":{"line":16,"column":79}},"16":{"start":{"line":17,"column":0},"end":{"line":17,"column":1}}},"s":{"0":1,"1":1,"2":1,"3":1,"4":1,"5":7,"6":7,"7":1,"8":1,"9":4,"10":4,"11":4,"12":1,"13":1,"14":3,"15":3,"16":3},"branchMap":{"0":{"type":"branch","line":5,"loc":{"start":{"line":5,"column":31},"end":{"line":7,"column":1}},"locations":[{"start":{"line":5,"column":31},"end":{"line":7,"column":1}}]},"1":{"type":"branch","line":6,"loc":{"start":{"line":6,"column":28},"end":{"line":6,"column":85}},"locations":[{"start":{"line":6,"column":28},"end":{"line":6,"column":85}}]},"2":{"type":"branch","line":9,"loc":{"start":{"line":9,"column":25},"end":{"line":12,"column":1}},"locations":[{"start":{"line":9,"column":25},"end":{"line":12,"column":1}}]},"3":{"type":"branch","line":11,"loc":{"start":{"line":11,"column":16},"end":{"line":11,"column":85}},"locations":[{"start":{"line":11,"column":16},"end":{"line":11,"column":85}}]},"4":{"type":"branch","line":14,"loc":{"start":{"line":14,"column":31},"end":{"line":17,"column":1}},"locations":[{"start":{"line":14,"column":31},"end":{"line":17,"column":1}}]},"5":{"type":"branch","line":16,"loc":{"start":{"line":16,"column":16},"end":{"line":16,"column":76}},"locations":[{"start":{"line":16,"column":16},"end":{"line":16,"column":76}}]}},"b":{"0":[7],"1":[693],"2":[4],"3":[60],"4":[3],"5":[13]},"fnMap":{"0":{"name":"filterMovements","decl":{"start":{"line":5,"column":31},"end":{"line":7,"column":1}},"loc":{"start":{"line":5,"column":31},"end":{"line":7,"column":1}},"line":5},"1":{"name":"getByYear","decl":{"start":{"line":9,"column":25},"end":{"line":12,"column":1}},"loc":{"start":{"line":9,"column":25},"end":{"line":12,"column":1}},"line":9},"2":{"name":"getAmountByYear","decl":{"start":{"line":14,"column":31},"end":{"line":17,"column":1}},"loc":{"start":{"line":14,"column":31},"end":{"line":17,"column":1}},"line":14}},"f":{"0":7,"1":4,"2":3}}
}
